<?xml version="1.0" encoding="UTF-8"?><testrun name="Loginrunner" project="Cucumber2_0" tests="18" started="18" failures="0" errors="2" ignored="5">
  <testsuite name="runners.Loginrunner" time="1.869">
    <testsuite name="Feature: Techfios billing login validation" time="1.869">
      <testsuite name="Scenario: User should be able to login with valid credentials" time="1.846" incomplete="true">
        <error>org.openqa.selenium.ElementNotInteractableException: element not interactable
  (Session info: chrome=107.0.5304.88)
Build info: version: '3.14.0', revision: 'aacccce0', time: '2018-08-02T20:19:58.91Z'
System info: host: 'MURUGI', ip: '192.168.1.171', os.name: 'Windows 11', os.arch: 'amd64', os.version: '10.0', java.version: '1.8.0_333'
Driver info: org.openqa.selenium.chrome.ChromeDriver
Capabilities {acceptInsecureCerts: false, browserName: chrome, browserVersion: 107.0.5304.88, chrome: {chromedriverVersion: 107.0.5304.62 (1eec40d3a576..., userDataDir: C:\Users\warut\AppData\Loca...}, goog:chromeOptions: {debuggerAddress: localhost:62509}, javascriptEnabled: true, networkConnectionEnabled: false, pageLoadStrategy: normal, platform: WINDOWS, platformName: WINDOWS, proxy: Proxy(), setWindowRect: true, strictFileInteractability: false, timeouts: {implicit: 0, pageLoad: 300000, script: 30000}, unhandledPromptBehavior: dismiss and notify, webauthn:extension:credBlob: true, webauthn:extension:largeBlob: true, webauthn:virtualAuthenticators: true}
Session ID: dc61ed1b0f4958fdcb13f5b4dd58e408&#13;
	at sun.reflect.NativeConstructorAccessorImpl.newInstance0(Native Method)&#13;
	at sun.reflect.NativeConstructorAccessorImpl.newInstance(NativeConstructorAccessorImpl.java:62)&#13;
	at sun.reflect.DelegatingConstructorAccessorImpl.newInstance(DelegatingConstructorAccessorImpl.java:45)&#13;
	at java.lang.reflect.Constructor.newInstance(Constructor.java:423)&#13;
	at org.openqa.selenium.remote.http.W3CHttpResponseCodec.createException(W3CHttpResponseCodec.java:187)&#13;
	at org.openqa.selenium.remote.http.W3CHttpResponseCodec.decode(W3CHttpResponseCodec.java:122)&#13;
	at org.openqa.selenium.remote.http.W3CHttpResponseCodec.decode(W3CHttpResponseCodec.java:49)&#13;
	at org.openqa.selenium.remote.HttpCommandExecutor.execute(HttpCommandExecutor.java:158)&#13;
	at org.openqa.selenium.remote.service.DriverCommandExecutor.execute(DriverCommandExecutor.java:83)&#13;
	at org.openqa.selenium.remote.RemoteWebDriver.execute(RemoteWebDriver.java:548)&#13;
	at org.openqa.selenium.remote.RemoteWebElement.execute(RemoteWebElement.java:276)&#13;
	at org.openqa.selenium.remote.RemoteWebElement.sendKeys(RemoteWebElement.java:100)&#13;
	at sun.reflect.NativeMethodAccessorImpl.invoke0(Native Method)&#13;
	at sun.reflect.NativeMethodAccessorImpl.invoke(NativeMethodAccessorImpl.java:62)&#13;
	at sun.reflect.DelegatingMethodAccessorImpl.invoke(DelegatingMethodAccessorImpl.java:43)&#13;
	at java.lang.reflect.Method.invoke(Method.java:498)&#13;
	at org.openqa.selenium.support.pagefactory.internal.LocatingElementHandler.invoke(LocatingElementHandler.java:51)&#13;
	at com.sun.proxy.$Proxy16.sendKeys(Unknown Source)&#13;
	at Pages.LoginPage.entercontactPerson(LoginPage.java:78)&#13;
	at steps.LogininStepDefination.user_should_enter_contactPerson(LogininStepDefination.java:98)&#13;
	at ✽.And User should enter contactPerson"James Brown"(src/test/java/features/TechfiosLogin.feature:16)&#13;
&#13;
</error>
        <testcase name="Given User is on techfios login page" classname="Scenario: User should be able to login with valid credentials" time="0.115"/>
        <testcase name="When user enter Username as &quot;demo@techfios.com&quot;" classname="Scenario: User should be able to login with valid credentials" time="0.105"/>
        <testcase name="When User enter Password as &quot;abc123&quot;" classname="Scenario: User should be able to login with valid credentials" time="0.585"/>
        <testcase name="And click on signin button" classname="Scenario: User should be able to login with valid credentials" time="0.01"/>
        <testcase name="Then User should land on the Dashboard Page" classname="Scenario: User should be able to login with valid credentials" time="0.212"/>
        <testcase name="And User clicks on bankCash" classname="Scenario: User should be able to login with valid credentials" time="0.294"/>
        <testcase name="And User clicks on newAccount" classname="Scenario: User should be able to login with valid credentials" time="0.037"/>
        <testcase name="Then User should land on the Add New Account Page" classname="Scenario: User should be able to login with valid credentials" time="0.081"/>
        <testcase name="And User should enter accountTitle&quot;J450A&quot;" classname="Scenario: User should be able to login with valid credentials" time="0.099"/>
        <testcase name="And User should enter description &quot;Saving&quot;" classname="Scenario: User should be able to login with valid credentials" time="0.127"/>
        <testcase name="And User should enter initialBalance&quot;10,563&quot;" classname="Scenario: User should be able to login with valid credentials" time="0.088"/>
        <testcase name="And User should enter accountNumber &quot;54875692&quot;" classname="Scenario: User should be able to login with valid credentials" time="0.089"/>
        <testcase name="And User should enter contactPerson&quot;James Brown&quot;" classname="Scenario: User should be able to login with valid credentials" time="0.004">
          <error>org.openqa.selenium.ElementNotInteractableException: element not interactable
  (Session info: chrome=107.0.5304.88)
Build info: version: '3.14.0', revision: 'aacccce0', time: '2018-08-02T20:19:58.91Z'
System info: host: 'MURUGI', ip: '192.168.1.171', os.name: 'Windows 11', os.arch: 'amd64', os.version: '10.0', java.version: '1.8.0_333'
Driver info: org.openqa.selenium.chrome.ChromeDriver
Capabilities {acceptInsecureCerts: false, browserName: chrome, browserVersion: 107.0.5304.88, chrome: {chromedriverVersion: 107.0.5304.62 (1eec40d3a576..., userDataDir: C:\Users\warut\AppData\Loca...}, goog:chromeOptions: {debuggerAddress: localhost:62509}, javascriptEnabled: true, networkConnectionEnabled: false, pageLoadStrategy: normal, platform: WINDOWS, platformName: WINDOWS, proxy: Proxy(), setWindowRect: true, strictFileInteractability: false, timeouts: {implicit: 0, pageLoad: 300000, script: 30000}, unhandledPromptBehavior: dismiss and notify, webauthn:extension:credBlob: true, webauthn:extension:largeBlob: true, webauthn:virtualAuthenticators: true}
Session ID: dc61ed1b0f4958fdcb13f5b4dd58e408&#13;
	at sun.reflect.NativeConstructorAccessorImpl.newInstance0(Native Method)&#13;
	at sun.reflect.NativeConstructorAccessorImpl.newInstance(NativeConstructorAccessorImpl.java:62)&#13;
	at sun.reflect.DelegatingConstructorAccessorImpl.newInstance(DelegatingConstructorAccessorImpl.java:45)&#13;
	at java.lang.reflect.Constructor.newInstance(Constructor.java:423)&#13;
	at org.openqa.selenium.remote.http.W3CHttpResponseCodec.createException(W3CHttpResponseCodec.java:187)&#13;
	at org.openqa.selenium.remote.http.W3CHttpResponseCodec.decode(W3CHttpResponseCodec.java:122)&#13;
	at org.openqa.selenium.remote.http.W3CHttpResponseCodec.decode(W3CHttpResponseCodec.java:49)&#13;
	at org.openqa.selenium.remote.HttpCommandExecutor.execute(HttpCommandExecutor.java:158)&#13;
	at org.openqa.selenium.remote.service.DriverCommandExecutor.execute(DriverCommandExecutor.java:83)&#13;
	at org.openqa.selenium.remote.RemoteWebDriver.execute(RemoteWebDriver.java:548)&#13;
	at org.openqa.selenium.remote.RemoteWebElement.execute(RemoteWebElement.java:276)&#13;
	at org.openqa.selenium.remote.RemoteWebElement.sendKeys(RemoteWebElement.java:100)&#13;
	at sun.reflect.NativeMethodAccessorImpl.invoke0(Native Method)&#13;
	at sun.reflect.NativeMethodAccessorImpl.invoke(NativeMethodAccessorImpl.java:62)&#13;
	at sun.reflect.DelegatingMethodAccessorImpl.invoke(DelegatingMethodAccessorImpl.java:43)&#13;
	at java.lang.reflect.Method.invoke(Method.java:498)&#13;
	at org.openqa.selenium.support.pagefactory.internal.LocatingElementHandler.invoke(LocatingElementHandler.java:51)&#13;
	at com.sun.proxy.$Proxy16.sendKeys(Unknown Source)&#13;
	at Pages.LoginPage.entercontactPerson(LoginPage.java:78)&#13;
	at steps.LogininStepDefination.user_should_enter_contactPerson(LogininStepDefination.java:98)&#13;
	at ✽.And User should enter contactPerson"James Brown"(src/test/java/features/TechfiosLogin.feature:16)&#13;
&#13;
</error>
        </testcase>
        <testcase name="And User should  enter Phone&quot;3148975694 &quot;" classname="Scenario: User should be able to login with valid credentials" time="0.001" ignored="true"/>
        <testcase name="And User should enter accountTitle&quot;PlatinumPlus&quot;" classname="Scenario: User should be able to login with valid credentials" time="0.0" ignored="true"/>
        <testcase name="And User should enter internetBankingURL&quot;ChaseBank.com &quot;" classname="Scenario: User should be able to login with valid credentials" time="0.001" ignored="true"/>
        <testcase name="And User shoudl clicks on newAccount" classname="Scenario: User should be able to login with valid credentials" time="0.0" ignored="true"/>
        <testcase name="Then User should be able to validate account created successfull" classname="Scenario: User should be able to login with valid credentials" time="0.018" ignored="true"/>
      </testsuite>
    </testsuite>
  </testsuite>
</testrun>
